<?xml version="1.0" encoding="UTF-8"?>
<!-- Generated by org.testng.reporters.JUnitReportReporter -->
<testsuite hostname="Kushals-MacBook-Air.local" failures="0" tests="2" name="testCases.SearchandSave" time="2.153" errors="0" timestamp="2024-08-31T11:56:18 IST" skipped="0">
  <testcase classname="testCases.SearchandSave" name="search1" time="1.888"/>
  <testcase classname="testCases.SearchandSave" name="search2" time="0.265"/>
</testsuite> <!-- testCases.SearchandSave -->
