<?xml version="1.0" encoding="UTF-8"?>
<!-- Generated by org.testng.reporters.JUnitReportReporter -->
<testsuite hostname="Kushals-MacBook-Air.local" failures="0" tests="4" name="testCases.SearchandSave" time="3.968" errors="0" timestamp="2024-09-08T19:31:35 IST" skipped="0">
  <testcase classname="testCases.SearchandSave" name="search1" time="1.541"/>
  <testcase classname="testCases.SearchandSave" name="search1" time="1.542"/>
  <testcase classname="testCases.SearchandSave" name="search2" time="0.286"/>
  <testcase classname="testCases.SearchandSave" name="search2" time="0.599"/>
</testsuite> <!-- testCases.SearchandSave -->
